<?xml version="1.0" encoding="UTF-8"?>
<!-- Generated by org.testng.reporters.JUnitXMLReporter -->
<testsuite ignored="0" hostname="LTIN192431" failures="0" tests="3" name="Default test" time="29.356" errors="0" timestamp="2023-12-25T19:58:04 IST">
  <testcase classname="testng.FirstTest" name="openapp" time="25.135"/>
  <testcase classname="testng.FirstTest" name="loginapp" time="2.572"/>
  <testcase classname="testng.FirstTest" name="closeapp" time="1.453"/>
</testsuite> <!-- Default test -->
