<?xml version="1.0" encoding="UTF-8"?>
<!-- Generated by org.testng.reporters.JUnitXMLReporter -->
<testsuite ignored="0" hostname="LTIN192431" failures="1" tests="3" name="Test" time="0.513" errors="0" timestamp="2023-12-27T11:00:49 IST">
  <testcase classname="liosterns.mytest" name="test1" time="0.136"/>
  <testcase classname="liosterns.mytest" name="test2" time="0.021">
    <failure type="java.lang.AssertionError" message="expected [B] but found [A]">
      <![CDATA[java.lang.AssertionError: expected [B] but found [A]
at liosterns.mytest.test2(mytest.java:16)
at java.base/java.util.ArrayList.forEach(ArrayList.java:1511)
... Removed 33 stack frames]]>
    </failure>
  </testcase> <!-- test2 -->
  <testcase classname="liosterns.mytest" name="test3" time="0.001">
    <skipped/>
  </testcase> <!-- test3 -->
</testsuite> <!-- Test -->
